2024-09-22 16:12:15,898 [INFO] Activator:177 - 


2024-09-22 16:12:15,899 [INFO] Activator:178 - !SESSION log4j initialized
2024-09-22 16:13:36,283 [INFO] McuFinderGlobals:39 - Set McuFinder mode to 2 (CubeIDE integrated)
2024-09-22 16:13:36,393 [INFO] ApplicationProperties:181 - Using Application install path: C:\ST\STM32CubeIDE_1.7.0\STM32CubeIDE\plugins\com.st.stm32cube.common.mx_6.3.0.202107141111
2024-09-22 16:13:36,399 [INFO] DbMcusXml:74 - Set database path to: C:\ST\STM32CubeIDE_1.7.0\STM32CubeIDE\plugins\com.st.stm32cube.common.mx_6.3.0.202107141111\\db\/mcu/
2024-09-22 16:13:36,399 [INFO] DbBoardsPdsc:56 - Set plugin database path to: C:\ST\STM32CubeIDE_1.7.0\STM32CubeIDE\plugins\com.st.stm32cube.common.mx_6.3.0.202107141111\\db\/plugins/boardmanager/
2024-09-22 16:13:36,399 [INFO] DbMcus:258 - Set plugin images path to: C:\ST\STM32CubeIDE_1.7.0\STM32CubeIDE\plugins\com.st.stm32cube.common.mx_6.3.0.202107141111\\db\/plugins/mcufinder/images/
2024-09-22 16:13:36,399 [INFO] DbBoards:264 - Set plugin images path to: C:\ST\STM32CubeIDE_1.7.0\STM32CubeIDE\plugins\com.st.stm32cube.common.mx_6.3.0.202107141111\\db\/plugins/mcufinder/images/
2024-09-22 16:13:36,399 [INFO] DbExamples:333 - Set plugin images path to: C:\ST\STM32CubeIDE_1.7.0\STM32CubeIDE\plugins\com.st.stm32cube.common.mx_6.3.0.202107141111\\db\/plugins/mcufinder/images/
2024-09-22 16:13:36,410 [INFO] DbMcusAds:119 - Set database path to: C:\Users\tango\.stmcufinder\plugins\mcufinder//mcu/
2024-09-22 16:13:36,410 [INFO] DbMcusDocs:110 - Set database path to: C:\Users\tango\.stmcufinder\plugins\mcufinder//mcu/
2024-09-22 16:13:36,410 [INFO] DbMcusJson:64 - Set database path to: C:\Users\tango\.stmcufinder\plugins\mcufinder//mcu/
2024-09-22 16:13:36,410 [INFO] DbBoardsDocs:110 - Set database path to: C:\Users\tango\.stmcufinder\plugins\mcufinder//mcu/
2024-09-22 16:13:36,410 [INFO] DbBoardsJson:57 - Set database path to: C:\Users\tango\.stmcufinder\plugins\mcufinder//mcu/
2024-09-22 16:13:36,420 [INFO] CrossReferenceDbSqlite:196 - Set database path to: C:\Users\tango\.stmcufinder\plugins\mcufinder//mcu/cs/
2024-09-22 16:13:36,420 [INFO] DbExamplesSqlite:767 - Set database path to: C:\Users\tango\.stmcufinder\plugins\mcufinder//mcu/
2024-09-22 16:13:36,481 [INFO] RulesReader:57 - Compatibility file has been processed (242 Rules)
2024-09-22 16:13:36,532 [INFO] DbMcusXml:74 - Set database path to: C:\ST\STM32CubeIDE_1.7.0\STM32CubeIDE\plugins\com.st.stm32cube.common.mx_6.3.0.202107141111\\db\/mcu/
2024-09-22 16:13:36,532 [INFO] DbBoardsPdsc:56 - Set plugin database path to: C:\ST\STM32CubeIDE_1.7.0\STM32CubeIDE\plugins\com.st.stm32cube.common.mx_6.3.0.202107141111\\db\/plugins/boardmanager/
2024-09-22 16:13:36,532 [INFO] DbMcus:258 - Set plugin images path to: C:\ST\STM32CubeIDE_1.7.0\STM32CubeIDE\plugins\com.st.stm32cube.common.mx_6.3.0.202107141111\\db\/plugins/mcufinder/images/
2024-09-22 16:13:36,532 [INFO] DbBoards:264 - Set plugin images path to: C:\ST\STM32CubeIDE_1.7.0\STM32CubeIDE\plugins\com.st.stm32cube.common.mx_6.3.0.202107141111\\db\/plugins/mcufinder/images/
2024-09-22 16:13:36,532 [INFO] DbExamples:333 - Set plugin images path to: C:\ST\STM32CubeIDE_1.7.0\STM32CubeIDE\plugins\com.st.stm32cube.common.mx_6.3.0.202107141111\\db\/plugins/mcufinder/images/
2024-09-22 16:13:36,532 [WARN] DbFile:35 - Overriding database path with different value: C:\Users\tango\.stmcufinder\plugins\mcufinder/ => C:\Users\tango\.stmcufinder\plugins\mcufinder
2024-09-22 16:13:36,532 [INFO] DbMcusAds:119 - Set database path to: C:\Users\tango\.stmcufinder\plugins\mcufinder//mcu/
2024-09-22 16:13:36,532 [WARN] DbFile:35 - Overriding database path with different value: C:\Users\tango\.stmcufinder\plugins\mcufinder/ => C:\Users\tango\.stmcufinder\plugins\mcufinder
2024-09-22 16:13:36,532 [INFO] DbMcusDocs:110 - Set database path to: C:\Users\tango\.stmcufinder\plugins\mcufinder//mcu/
2024-09-22 16:13:36,532 [WARN] DbFile:35 - Overriding database path with different value: C:\Users\tango\.stmcufinder\plugins\mcufinder/ => C:\Users\tango\.stmcufinder\plugins\mcufinder
2024-09-22 16:13:36,532 [INFO] DbMcusJson:64 - Set database path to: C:\Users\tango\.stmcufinder\plugins\mcufinder//mcu/
2024-09-22 16:13:36,532 [WARN] DbFile:35 - Overriding database path with different value: C:\Users\tango\.stmcufinder\plugins\mcufinder/ => C:\Users\tango\.stmcufinder\plugins\mcufinder
2024-09-22 16:13:36,532 [INFO] DbBoardsDocs:110 - Set database path to: C:\Users\tango\.stmcufinder\plugins\mcufinder//mcu/
2024-09-22 16:13:36,532 [WARN] DbFile:35 - Overriding database path with different value: C:\Users\tango\.stmcufinder\plugins\mcufinder/ => C:\Users\tango\.stmcufinder\plugins\mcufinder
2024-09-22 16:13:36,532 [INFO] DbBoardsJson:57 - Set database path to: C:\Users\tango\.stmcufinder\plugins\mcufinder//mcu/
2024-09-22 16:13:36,532 [WARN] DbFile:35 - Overriding database path with different value: C:\Users\tango\.stmcufinder\plugins\mcufinder/ => C:\Users\tango\.stmcufinder\plugins\mcufinder
2024-09-22 16:13:36,532 [WARN] DbFile:35 - Overriding database path with different value: C:\Users\tango\.stmcufinder\plugins\mcufinder/ => C:\Users\tango\.stmcufinder\plugins\mcufinder
2024-09-22 16:13:36,532 [INFO] CrossReferenceDbSqlite:196 - Set database path to: C:\Users\tango\.stmcufinder\plugins\mcufinder//mcu/cs/
2024-09-22 16:13:36,532 [WARN] DbFile:35 - Overriding database path with different value: C:\Users\tango\.stmcufinder\plugins\mcufinder/ => C:\Users\tango\.stmcufinder\plugins\mcufinder
2024-09-22 16:13:36,532 [INFO] DbExamplesSqlite:767 - Set database path to: C:\Users\tango\.stmcufinder\plugins\mcufinder//mcu/
2024-09-22 16:13:36,563 [INFO] MainPanel:214 - HeapMemory: 625999872
2024-09-22 16:13:36,615 [INFO] DbMcusXml:74 - Set database path to: C:\ST\STM32CubeIDE_1.7.0\STM32CubeIDE\plugins\com.st.stm32cube.common.mx_6.3.0.202107141111\\db\/mcu/
2024-09-22 16:13:36,615 [INFO] DbBoardsPdsc:56 - Set plugin database path to: C:\ST\STM32CubeIDE_1.7.0\STM32CubeIDE\plugins\com.st.stm32cube.common.mx_6.3.0.202107141111\\db\/plugins/boardmanager/
2024-09-22 16:13:36,615 [INFO] DbMcus:258 - Set plugin images path to: C:\ST\STM32CubeIDE_1.7.0\STM32CubeIDE\plugins\com.st.stm32cube.common.mx_6.3.0.202107141111\\db\/plugins/mcufinder/images/
2024-09-22 16:13:36,615 [INFO] DbBoards:264 - Set plugin images path to: C:\ST\STM32CubeIDE_1.7.0\STM32CubeIDE\plugins\com.st.stm32cube.common.mx_6.3.0.202107141111\\db\/plugins/mcufinder/images/
2024-09-22 16:13:36,615 [INFO] DbExamples:333 - Set plugin images path to: C:\ST\STM32CubeIDE_1.7.0\STM32CubeIDE\plugins\com.st.stm32cube.common.mx_6.3.0.202107141111\\db\/plugins/mcufinder/images/
2024-09-22 16:13:36,615 [WARN] DbFile:35 - Overriding database path with different value: C:\Users\tango\.stmcufinder\plugins\mcufinder/ => C:\Users\tango\.stmcufinder\plugins\mcufinder
2024-09-22 16:13:36,615 [INFO] DbMcusAds:119 - Set database path to: C:\Users\tango\.stmcufinder\plugins\mcufinder//mcu/
2024-09-22 16:13:36,615 [WARN] DbFile:35 - Overriding database path with different value: C:\Users\tango\.stmcufinder\plugins\mcufinder/ => C:\Users\tango\.stmcufinder\plugins\mcufinder
2024-09-22 16:13:36,615 [INFO] DbMcusDocs:110 - Set database path to: C:\Users\tango\.stmcufinder\plugins\mcufinder//mcu/
2024-09-22 16:13:36,615 [WARN] DbFile:35 - Overriding database path with different value: C:\Users\tango\.stmcufinder\plugins\mcufinder/ => C:\Users\tango\.stmcufinder\plugins\mcufinder
2024-09-22 16:13:36,615 [INFO] DbMcusJson:64 - Set database path to: C:\Users\tango\.stmcufinder\plugins\mcufinder//mcu/
2024-09-22 16:13:36,615 [WARN] DbFile:35 - Overriding database path with different value: C:\Users\tango\.stmcufinder\plugins\mcufinder/ => C:\Users\tango\.stmcufinder\plugins\mcufinder
2024-09-22 16:13:36,615 [INFO] DbBoardsDocs:110 - Set database path to: C:\Users\tango\.stmcufinder\plugins\mcufinder//mcu/
2024-09-22 16:13:36,615 [WARN] DbFile:35 - Overriding database path with different value: C:\Users\tango\.stmcufinder\plugins\mcufinder/ => C:\Users\tango\.stmcufinder\plugins\mcufinder
2024-09-22 16:13:36,615 [INFO] DbBoardsJson:57 - Set database path to: C:\Users\tango\.stmcufinder\plugins\mcufinder//mcu/
2024-09-22 16:13:36,615 [WARN] DbFile:35 - Overriding database path with different value: C:\Users\tango\.stmcufinder\plugins\mcufinder/ => C:\Users\tango\.stmcufinder\plugins\mcufinder
2024-09-22 16:13:36,615 [WARN] DbFile:35 - Overriding database path with different value: C:\Users\tango\.stmcufinder\plugins\mcufinder/ => C:\Users\tango\.stmcufinder\plugins\mcufinder
2024-09-22 16:13:36,615 [INFO] CrossReferenceDbSqlite:196 - Set database path to: C:\Users\tango\.stmcufinder\plugins\mcufinder//mcu/cs/
2024-09-22 16:13:36,615 [WARN] DbFile:35 - Overriding database path with different value: C:\Users\tango\.stmcufinder\plugins\mcufinder/ => C:\Users\tango\.stmcufinder\plugins\mcufinder
2024-09-22 16:13:36,615 [INFO] DbExamplesSqlite:767 - Set database path to: C:\Users\tango\.stmcufinder\plugins\mcufinder//mcu/
2024-09-22 16:13:36,635 [INFO] ApplicationProperties:181 - Using Application install path: C:\ST\STM32CubeIDE_1.7.0\STM32CubeIDE\plugins\com.st.stm32cube.common.mx_6.3.0.202107141111
2024-09-22 16:13:36,635 [INFO] PluginManage:188 - Search for loadable plugins [exclusion list=, ]
2024-09-22 16:13:36,635 [INFO] PluginManage:302 - Check plugin analytics
2024-09-22 16:13:36,748 [INFO] AnalyticsPlugin:257 - Accepted Software Licenses: 
2024-09-22 16:13:36,748 [INFO] AnalyticsPlugin:259 - Accepted CMSIS Pack Licenses: 
2024-09-22 16:13:36,748 [INFO] AnalyticsPlugin:261 - Accepted Firmware Licenses: 
2024-09-22 16:13:36,748 [INFO] PluginManage:352 - Loaded plugin analytics (category:tool,tabindex:-1)
2024-09-22 16:13:36,748 [INFO] PluginManage:302 - Check plugin clock
2024-09-22 16:13:36,769 [INFO] PluginManage:352 - Loaded plugin clock (category:base,tabindex:2)
2024-09-22 16:13:36,769 [INFO] PluginManage:302 - Check plugin ddr
2024-09-22 16:13:36,769 [INFO] PluginManage:352 - Loaded plugin ddr (category:tool,tabindex:6)
2024-09-22 16:13:36,769 [INFO] PluginManage:302 - Check plugin filemanager
2024-09-22 16:13:36,888 [INFO] PluginManage:352 - Loaded plugin filemanager (category:base,tabindex:10)
2024-09-22 16:13:36,888 [INFO] PluginManage:302 - Check plugin ipmanager
2024-09-22 16:13:36,899 [INFO] PluginManage:352 - Loaded plugin ipmanager (category:base,tabindex:5)
2024-09-22 16:13:36,899 [INFO] PluginManage:302 - Check plugin pinoutandconfiguration
2024-09-22 16:13:36,899 [INFO] PluginManage:352 - Loaded plugin pinoutandconfiguration (category:base,tabindex:1)
2024-09-22 16:13:36,899 [INFO] PluginManage:302 - Check plugin pinoutconfig
2024-09-22 16:13:36,919 [INFO] PluginManage:352 - Loaded plugin pinoutconfig (category:base,tabindex:0)
2024-09-22 16:13:36,919 [INFO] PluginManage:302 - Check plugin power
2024-09-22 16:13:36,929 [INFO] PluginManage:352 - Loaded plugin power (category:power,tabindex:4)
2024-09-22 16:13:36,929 [INFO] PluginManage:302 - Check plugin projectmanager
2024-09-22 16:13:36,940 [INFO] PluginManage:352 - Loaded plugin projectmanager (category:projectmanager,tabindex:3)
2024-09-22 16:13:36,940 [INFO] PluginManage:302 - Check plugin thirdparty
2024-09-22 16:13:37,032 [INFO] PluginManage:352 - Loaded plugin thirdparty (category:base,tabindex:-1)
2024-09-22 16:13:37,032 [INFO] PluginManage:302 - Check plugin tools
2024-09-22 16:13:37,032 [WARN] IntegrityCheckThread:78 - waiting for thirdparty lock release [integrity check]
2024-09-22 16:13:37,039 [INFO] IntegrityCheckThread:80 - entering critical section [integrity check]
2024-09-22 16:13:37,039 [INFO] ThirdPartyUpdaterWithRetryManager:66 - Updater plugin not ready yet. [1/15]
2024-09-22 16:13:37,039 [INFO] PluginManage:352 - Loaded plugin tools (category:base,tabindex:7)
2024-09-22 16:13:37,039 [INFO] PluginManage:302 - Check plugin tutovideos
2024-09-22 16:13:37,181 [INFO] PluginManage:352 - Loaded plugin tutovideos (category:base,tabindex:-1)
2024-09-22 16:13:37,181 [INFO] PluginManage:302 - Check plugin updater
2024-09-22 16:13:37,204 [INFO] PluginManage:352 - Loaded plugin updater (category:base,tabindex:12)
2024-09-22 16:13:37,204 [INFO] PluginManage:275 - PluginManage : Loaded plugins [13]
2024-09-22 16:13:37,325 [INFO] PinOutPanel:1463 - setPackage(No Configuration,No Configuration)
2024-09-22 16:13:37,387 [INFO] IPUIPlugin:74 - create IPUIPlugin
2024-09-22 16:13:37,387 [INFO] PluginManager:213 - loadIPPluginJar : add adc
2024-09-22 16:13:37,387 [INFO] IPUIPlugin:74 - create IPUIPlugin
2024-09-22 16:13:37,387 [INFO] PluginManager:213 - loadIPPluginJar : add aes
2024-09-22 16:13:37,387 [INFO] IPUIPlugin:74 - create IPUIPlugin
2024-09-22 16:13:37,387 [INFO] PluginManager:213 - loadIPPluginJar : add can
2024-09-22 16:13:37,387 [INFO] IPUIPlugin:74 - create IPUIPlugin
2024-09-22 16:13:37,387 [INFO] PluginManager:213 - loadIPPluginJar : add comp
2024-09-22 16:13:37,397 [INFO] IPUIPlugin:74 - create IPUIPlugin
2024-09-22 16:13:37,397 [INFO] PluginManager:213 - loadIPPluginJar : add cryp
2024-09-22 16:13:37,397 [INFO] IPUIPlugin:74 - create IPUIPlugin
2024-09-22 16:13:37,397 [INFO] PluginManager:213 - loadIPPluginJar : add dfsdm
2024-09-22 16:13:37,397 [INFO] IPUIPlugin:74 - create IPUIPlugin
2024-09-22 16:13:37,397 [INFO] PluginManager:213 - loadIPPluginJar : add dma
2024-09-22 16:13:37,408 [INFO] IPUIPlugin:74 - create IPUIPlugin
2024-09-22 16:13:37,408 [INFO] PluginManager:213 - loadIPPluginJar : add dma3
2024-09-22 16:13:37,408 [INFO] IPUIPlugin:74 - create IPUIPlugin
2024-09-22 16:13:37,408 [INFO] PluginManager:213 - loadIPPluginJar : add fatfs
2024-09-22 16:13:37,411 [INFO] IPUIPlugin:74 - create IPUIPlugin
2024-09-22 16:13:37,411 [INFO] PluginManager:213 - loadIPPluginJar : add fmc
2024-09-22 16:13:37,418 [INFO] IPUIPlugin:74 - create IPUIPlugin
2024-09-22 16:13:37,418 [INFO] PluginManager:213 - loadIPPluginJar : add freertos
2024-09-22 16:13:37,418 [INFO] IPUIPlugin:74 - create IPUIPlugin
2024-09-22 16:13:37,418 [INFO] PluginManager:213 - loadIPPluginJar : add genericplugin
2024-09-22 16:13:37,418 [INFO] IPUIPlugin:74 - create IPUIPlugin
2024-09-22 16:13:37,418 [INFO] PluginManager:213 - loadIPPluginJar : add gfxmmu
2024-09-22 16:13:37,418 [INFO] IPUIPlugin:74 - create IPUIPlugin
2024-09-22 16:13:37,418 [INFO] PluginManager:213 - loadIPPluginJar : add gic
2024-09-22 16:13:37,428 [INFO] IPUIPlugin:74 - create IPUIPlugin
2024-09-22 16:13:37,428 [INFO] PluginManager:213 - loadIPPluginJar : add gpio
2024-09-22 16:13:37,428 [INFO] IPUIPlugin:74 - create IPUIPlugin
2024-09-22 16:13:37,428 [INFO] PluginManager:213 - loadIPPluginJar : add gtzc
2024-09-22 16:13:37,428 [INFO] IPUIPlugin:74 - create IPUIPlugin
2024-09-22 16:13:37,428 [INFO] PluginManager:213 - loadIPPluginJar : add hash
2024-09-22 16:13:37,428 [INFO] IPUIPlugin:74 - create IPUIPlugin
2024-09-22 16:13:37,428 [INFO] PluginManager:213 - loadIPPluginJar : add i2c
2024-09-22 16:13:37,428 [INFO] IPUIPlugin:74 - create IPUIPlugin
2024-09-22 16:13:37,428 [INFO] PluginManager:213 - loadIPPluginJar : add i2s
2024-09-22 16:13:37,439 [INFO] IPUIPlugin:74 - create IPUIPlugin
2024-09-22 16:13:37,439 [INFO] PluginManager:213 - loadIPPluginJar : add ipddr
2024-09-22 16:13:37,439 [INFO] IPUIPlugin:74 - create IPUIPlugin
2024-09-22 16:13:37,439 [INFO] PluginManager:213 - loadIPPluginJar : add linkedlist
2024-09-22 16:13:37,449 [INFO] IPUIPlugin:74 - create IPUIPlugin
2024-09-22 16:13:37,449 [INFO] PluginManager:213 - loadIPPluginJar : add lorawan
2024-09-22 16:13:37,449 [INFO] IPUIPlugin:74 - create IPUIPlugin
2024-09-22 16:13:37,449 [INFO] PluginManager:213 - loadIPPluginJar : add ltdc
2024-09-22 16:13:37,449 [INFO] IPUIPlugin:74 - create IPUIPlugin
2024-09-22 16:13:37,449 [INFO] PluginManager:213 - loadIPPluginJar : add mdma
2024-09-22 16:13:37,449 [INFO] IPUIPlugin:74 - create IPUIPlugin
2024-09-22 16:13:37,449 [INFO] PluginManager:213 - loadIPPluginJar : add nvic
2024-09-22 16:13:37,459 [INFO] IPUIPlugin:74 - create IPUIPlugin
2024-09-22 16:13:37,459 [INFO] PluginManager:213 - loadIPPluginJar : add opamp
2024-09-22 16:13:37,462 [INFO] IPUIPlugin:74 - create IPUIPlugin
2024-09-22 16:13:37,462 [INFO] PluginManager:213 - loadIPPluginJar : add openamp
2024-09-22 16:13:37,462 [INFO] IPUIPlugin:74 - create IPUIPlugin
2024-09-22 16:13:37,462 [INFO] PluginManager:213 - loadIPPluginJar : add pdm2pcm
2024-09-22 16:13:37,469 [INFO] IPUIPlugin:74 - create IPUIPlugin
2024-09-22 16:13:37,480 [INFO] PluginManager:213 - loadIPPluginJar : add plateformsettings
2024-09-22 16:13:37,480 [INFO] IPUIPlugin:74 - create IPUIPlugin
2024-09-22 16:13:37,480 [INFO] PluginManager:213 - loadIPPluginJar : add quadspi
2024-09-22 16:13:37,490 [INFO] IPUIPlugin:74 - create IPUIPlugin
2024-09-22 16:13:37,490 [INFO] PluginManager:213 - loadIPPluginJar : add resmgrutility
2024-09-22 16:13:37,490 [INFO] IPUIPlugin:74 - create IPUIPlugin
2024-09-22 16:13:37,490 [INFO] PluginManager:213 - loadIPPluginJar : add sai
2024-09-22 16:13:37,490 [INFO] IPUIPlugin:74 - create IPUIPlugin
2024-09-22 16:13:37,490 [INFO] PluginManager:213 - loadIPPluginJar : add spi
2024-09-22 16:13:37,490 [INFO] IPUIPlugin:74 - create IPUIPlugin
2024-09-22 16:13:37,490 [INFO] PluginManager:213 - loadIPPluginJar : add stm32_wpan
2024-09-22 16:13:37,500 [INFO] IPUIPlugin:74 - create IPUIPlugin
2024-09-22 16:13:37,500 [INFO] PluginManager:213 - loadIPPluginJar : add tim
2024-09-22 16:13:37,500 [INFO] IPUIPlugin:74 - create IPUIPlugin
2024-09-22 16:13:37,500 [INFO] PluginManager:213 - loadIPPluginJar : add touchsensing
2024-09-22 16:13:37,500 [INFO] IPUIPlugin:74 - create IPUIPlugin
2024-09-22 16:13:37,500 [INFO] PluginManager:213 - loadIPPluginJar : add tracer_emb
2024-09-22 16:13:37,500 [INFO] IPUIPlugin:74 - create IPUIPlugin
2024-09-22 16:13:37,500 [INFO] PluginManager:213 - loadIPPluginJar : add ts
2024-09-22 16:13:37,511 [INFO] IPUIPlugin:74 - create IPUIPlugin
2024-09-22 16:13:37,511 [INFO] PluginManager:213 - loadIPPluginJar : add tsc
2024-09-22 16:13:37,511 [INFO] IPUIPlugin:74 - create IPUIPlugin
2024-09-22 16:13:37,511 [INFO] PluginManager:213 - loadIPPluginJar : add ucpd
2024-09-22 16:13:37,521 [INFO] IPUIPlugin:74 - create IPUIPlugin
2024-09-22 16:13:37,521 [INFO] PluginManager:213 - loadIPPluginJar : add usart
2024-09-22 16:13:37,521 [INFO] IPUIPlugin:74 - create IPUIPlugin
2024-09-22 16:13:37,521 [INFO] PluginManager:213 - loadIPPluginJar : add usbx
2024-09-22 16:13:37,745 [FATAL] Updater:294 - Updater called before beeing initialized
2024-09-22 16:13:37,827 [FATAL] Updater:294 - Updater called before beeing initialized
2024-09-22 16:13:37,827 [INFO] DbMcusAds:47 - JSON generation date=Mon Sep 16 21:40:22 ICT 2024 (1726497622318)
2024-09-22 16:13:37,827 [FATAL] Updater:294 - Updater called before beeing initialized
2024-09-22 16:13:37,859 [WARN] DetailPanel:314 - Failed to get advertising image, set to default
2024-09-22 16:13:37,921 [FATAL] Updater:294 - Updater called before beeing initialized
2024-09-22 16:13:37,921 [FATAL] Updater:294 - Updater called before beeing initialized
2024-09-22 16:13:37,921 [FATAL] Updater:294 - Updater called before beeing initialized
2024-09-22 16:13:37,921 [WARN] DetailPanel:314 - Failed to get advertising image, set to default
2024-09-22 16:13:37,921 [FATAL] Updater:294 - Updater called before beeing initialized
2024-09-22 16:13:37,962 [ERROR] Updater:1075 - MainUpdater not yet initialized. External WinMGr cannot be set.
2024-09-22 16:13:37,962 [INFO] Updater:1012 - Updater Version found : 6.3.0
2024-09-22 16:13:37,972 [INFO] ApplicationProperties:181 - Using Application install path: C:\ST\STM32CubeIDE_1.7.0\STM32CubeIDE\plugins\com.st.stm32cube.common.mx_6.3.0.202107141111
2024-09-22 16:13:38,153 [INFO] MainUpdater:2671 - connection check result : 10
2024-09-22 16:13:38,153 [INFO] MainUpdater:265 - Updater Check For Update Now.
2024-09-22 16:13:38,153 [INFO] MicroXplorer:478 - Change Database Version : DB.6.0.30
2024-09-22 16:13:38,297 [INFO] CheckServerUpdateThread:112 - End of CheckServer Thread
2024-09-22 16:13:38,371 [INFO] MainUpdater:2671 - connection check result : 10
2024-09-22 16:13:38,524 [INFO] McuFinderGlobals:52 - Set McuFinderConnectedMode to false
2024-09-22 16:13:38,606 [INFO] CrossSelectorPresenter:1330 - Cross Selector saved comparison directory: C:\Users\tango\.stmcufinder\plugins\mcufinder\mcu\cs_comparisons_mx
2024-09-22 16:13:38,613 [INFO] MultiScanPanel:197 - Auto-refresh data requested => check proxy status ongoing
2024-09-22 16:13:38,613 [INFO] MultiScanPanel:201 - Proxy status is invalid
2024-09-22 16:13:38,617 [INFO] FinderPluginLoader:87 - Searching for filters in installed packs
2024-09-22 16:13:38,620 [INFO] DbMcusXml:100 - Load MCU database from C:\ST\STM32CubeIDE_1.7.0\STM32CubeIDE\plugins\com.st.stm32cube.common.mx_6.3.0.202107141111\\db\/mcu/families.xml
2024-09-22 16:13:39,138 [INFO] DbMcusJson:93 - JSON generation date=Tue Nov 16 23:17:54 ICT 2021 (1637079474)
2024-09-22 16:13:39,559 [INFO] DbMcus:175 - Found 1951 MCUs (1903 are supported by CubeMX, 1914 are visible in CubeMX)
2024-09-22 16:13:39,559 [INFO] ApiDb:251 - Load user favorites file C:\Users\tango/.stm32cubeide/favorites.mcus.txt: 0 item(s)
2024-09-22 16:13:39,559 [INFO] ApiDb:255 - User favorites MCUs=[]
2024-09-22 16:13:39,559 [INFO] DbMcus:187 - Set 0 / 0 favorites MCUs
2024-09-22 16:13:39,875 [INFO] DetailPanel:309 - Set advertising image to C:/Users/tango/STM32Cube/Repository/\en.prom-stm32c071-usb-memories-mcu-finder.png
2024-09-22 16:13:40,138 [ERROR] Engine:463 - C:\Users\tango\.stm32cubemx\thirdparties\pdsc\STMicroelectronics.X-CUBE-SMBUS.2.1.0.pdsc: PDSC version is not supported
2024-09-22 16:13:40,159 [INFO] DbBoardsPdsc:90 - Found 25 items
2024-09-22 16:13:40,169 [WARN] PackLoader:238 - Cannot read IP mode file for STMicroelectronics.X-CUBE-TOUCHGFX.4.23.0
2024-09-22 16:13:40,169 [INFO] DbBoardsPdsc:90 - Found 9 items
2024-09-22 16:13:40,179 [INFO] DbBoardsPdsc:90 - Found 33 items
2024-09-22 16:13:40,179 [INFO] DbBoardsPdsc:90 - Found 1 items
2024-09-22 16:13:40,189 [WARN] PackLoader:238 - Cannot read IP mode file for STMicroelectronics.X-CUBE-AZRTOS-F7.1.1.0
2024-09-22 16:13:40,198 [INFO] DbBoardsPdsc:90 - Found 48 items
2024-09-22 16:13:40,199 [ERROR] Engine:463 - C:\Users\tango\.stm32cubemx\thirdparties\pdsc\STMicroelectronics.FP-SNS-MOTENV1.4.3.2.pdsc: PDSC version is not supported
2024-09-22 16:13:40,203 [ERROR] Engine:463 - C:\Users\tango\.stm32cubemx\thirdparties\pdsc\STMicroelectronics.FP-SNS-FLIGHT1.5.0.2.pdsc: PDSC version is not supported
2024-09-22 16:13:40,203 [ERROR] Engine:463 - C:\Users\tango\.stm32cubemx\thirdparties\pdsc\STMicroelectronics.X-CUBE-DISPLAY.3.0.0.pdsc: PDSC version is not supported
2024-09-22 16:13:40,210 [WARN] PackLoader:238 - Cannot read IP mode file for STMicroelectronics.X-CUBE-BLE1.7.0.0
2024-09-22 16:13:40,210 [INFO] DbBoardsPdsc:90 - Found 43 items
2024-09-22 16:13:40,210 [ERROR] Engine:463 - C:\Users\tango\.stm32cubemx\thirdparties\pdsc\emotas.I-CUBE-CANOPEN.1.3.0.pdsc: PDSC version is not supported
2024-09-22 16:13:40,210 [WARN] PackLoader:238 - Cannot read IP mode file for STMicroelectronics.X-CUBE-TOUCHGFX.4.22.0
2024-09-22 16:13:40,210 [INFO] DbBoardsPdsc:90 - Found 2 items
2024-09-22 16:13:40,210 [WARN] PackLoader:238 - Cannot read IP mode file for STMicroelectronics.X-CUBE-TOUCHGFX.4.22.1
2024-09-22 16:13:40,210 [ERROR] Engine:463 - C:\Users\tango\.stm32cubemx\thirdparties\pdsc\STMicroelectronics.FP-SNS-SMARTAG2.1.2.0.pdsc: PDSC version is not supported
2024-09-22 16:13:40,220 [INFO] DbBoardsPdsc:90 - Found 5 items
2024-09-22 16:13:40,220 [WARN] DbBoardsPdsc:254 - Board STM32H7B3I-DK: unknown feature type=Audio, name=, username=Audio stereo codec with Headphone Amp (CS42L51-CNZ), n=1
2024-09-22 16:13:40,220 [WARN] DbBoardsPdsc:254 - Board STM32H735G-DK: unknown feature type=Audio, name=, username=Audio stereo codec with Headphone Amp (WM8994ECS/R), n=1
2024-09-22 16:13:40,227 [WARN] DbBoardsPdsc:254 - Board STM32H7B3I-EVAL: unknown feature type=Audio, name=, username=Multi-Channel Audio Codec (CS42L51-CNZ), n=1
2024-09-22 16:13:40,227 [WARN] DbBoardsPdsc:254 - Board STM32H7B3I-EVAL: unknown feature type=Meter, name=, username=Power-metering and Temperature-monitoring with sigma-delta modulators, n=1
2024-09-22 16:13:40,227 [WARN] DbBoardsPdsc:254 - Board STM32H7B3I-EVAL: unknown feature type=Motor, name=, username=Motor Control, n=1
2024-09-22 16:13:40,227 [WARN] DbBoardsPdsc:254 - Board STM32U575I-EV: unknown feature type=joystick, name=, username=4-direction joystick with selection button, n=1
2024-09-22 16:13:40,230 [INFO] LogOutputStream:76 - [STDOUT_REDIRECT] 1 : Invalid condition id : UX_CORESTACK_Condition cause : null
2024-09-22 16:13:40,231 [INFO] LogOutputStream:76 - [STDOUT_REDIRECT] 1 : Invalid condition id : UX_CORESTACK_Condition cause : null
2024-09-22 16:13:40,231 [INFO] LogOutputStream:76 - [STDOUT_REDIRECT] 1 : Invalid condition id : UX_CORESTACK_Condition cause : null
2024-09-22 16:13:40,231 [INFO] LogOutputStream:76 - [STDOUT_REDIRECT] 1 : Invalid condition id : UX_CORESTACK_Condition cause : null
2024-09-22 16:13:40,235 [INFO] LogOutputStream:76 - [STDOUT_REDIRECT] 1 : Invalid condition id : UX_CORESTACK_Condition cause : null
2024-09-22 16:13:40,237 [WARN] PackLoader:238 - Cannot read IP mode file for STMicroelectronics.X-CUBE-AZRTOS-WL.2.0.0
2024-09-22 16:13:40,243 [WARN] PackLoader:238 - Cannot read IP mode file for WES.I-CUBE-Cesium.1.3.0
2024-09-22 16:13:40,247 [WARN] PackLoader:238 - Cannot read IP mode file for STMicroelectronics.X-CUBE-BLE2.3.3.0
2024-09-22 16:13:40,251 [INFO] DbBoardsJson:86 - JSON generation date=Tue Nov 16 23:17:54 ICT 2021 (1637079474)
2024-09-22 16:13:40,251 [WARN] PackLoader:238 - Cannot read IP mode file for STMicroelectronics.X-CUBE-ALGOBUILD.1.3.0
2024-09-22 16:13:40,256 [INFO] DbBoards:117 - Found 167 boards (163 are supported by CubeMX)
2024-09-22 16:13:40,263 [INFO] DbBoardsDocs:143 - JSON generation date=Tue Nov 16 23:17:54 ICT 2021 (1637079474)
2024-09-22 16:13:40,263 [INFO] DbBoardsDocs:79 - Found 209 boards documents
2024-09-22 16:13:40,263 [WARN] PackLoader:238 - Cannot read IP mode file for STMicroelectronics.X-CUBE-AZRTOS-G0.1.1.0
2024-09-22 16:13:40,263 [WARN] DbBoards:127 - board B-L475E-IOT01A2 has no document id list !
2024-09-22 16:13:40,263 [WARN] DbBoards:127 - board NUCLEO-H743ZI has no document id list !
2024-09-22 16:13:40,271 [WARN] DbBoards:127 - board NUCLEO-WL55JC2 has no document id list !
2024-09-22 16:13:40,271 [WARN] DbBoards:127 - board P-NUCLEO-WB55-Nucleo has no document id list !
2024-09-22 16:13:40,271 [WARN] DbBoards:127 - board P-NUCLEO-WB55-USBDongle has no document id list !
2024-09-22 16:13:40,271 [WARN] DbBoards:127 - board STEVAL-BFA001V1B has no document id list !
2024-09-22 16:13:40,271 [WARN] DbBoards:127 - board STEVAL-BFA001V2B has no document id list !
2024-09-22 16:13:40,271 [WARN] DbBoards:127 - board STEVAL-IDP005V1 has no document id list !
2024-09-22 16:13:40,271 [WARN] DbBoards:127 - board STEVAL-IDP005V2 has no document id list !
2024-09-22 16:13:40,271 [WARN] DbBoards:127 - board STEVAL-MKSBOX1V1 has no document id list !
2024-09-22 16:13:40,271 [WARN] DbBoards:127 - board STEVAL-STWINKT1 has no document id list !
2024-09-22 16:13:40,271 [WARN] DbBoards:127 - board STEVAL-STWINKT1B has no document id list !
2024-09-22 16:13:40,271 [WARN] DbBoards:127 - board STM32439I-EVAL2 has no document id list !
2024-09-22 16:13:40,271 [WARN] DbBoards:127 - board STM32F401C-DISCO has no document id list !
2024-09-22 16:13:40,271 [WARN] DbBoards:127 - board STM32F769I-DISC1 has no document id list !
2024-09-22 16:13:40,271 [WARN] DbBoards:127 - board STM32G474E-EVAL1 has no document id list !
2024-09-22 16:13:40,271 [WARN] DbBoards:127 - board STM32H743I-EVAL2 has no document id list !
2024-09-22 16:13:40,271 [WARN] DbBoards:127 - board STM32H747I-DISC1 has no document id list !
2024-09-22 16:13:40,271 [WARN] DbBoards:127 - board STM32H753I-EVAL2 has no document id list !
2024-09-22 16:13:40,271 [WARN] DbBoards:127 - board STM32L-DISCOVERY has no document id list !
2024-09-22 16:13:40,271 [WARN] PackLoader:238 - Cannot read IP mode file for STMicroelectronics.X-CUBE-NFC4.3.0.0
2024-09-22 16:13:40,271 [ERROR] Engine:463 - C:\Users\tango\.stm32cubemx\thirdparties\pdsc\STMicroelectronics.X-CUBE-BLEMGR.3.0.0.pdsc: PDSC version is not supported
2024-09-22 16:13:40,282 [WARN] PackLoader:238 - Cannot read IP mode file for STMicroelectronics.FP-ATR-SIGFOX1.3.2.0
2024-09-22 16:13:40,302 [WARN] PackLoader:238 - Cannot read IP mode file for SEGGER.I-CUBE-embOS.1.3.1
2024-09-22 16:13:40,342 [WARN] PackLoader:238 - Cannot read IP mode file for STMicroelectronics.X-CUBE-GNSS1.6.0.0
2024-09-22 16:13:40,353 [WARN] PackLoader:238 - Cannot read IP mode file for STMicroelectronics.X-CUBE-AZRTOS-F4.1.1.0
2024-09-22 16:13:40,365 [WARN] PackLoader:238 - Cannot read IP mode file for wolfSSL.I-CUBE-wolfSSL.5.6.3
2024-09-22 16:13:40,373 [WARN] PackLoader:238 - Cannot read IP mode file for STMicroelectronics.X-CUBE-AZRTOS-L5.2.0.0
2024-09-22 16:13:40,384 [ERROR] DbBoards:189 - Image file not found for board B-U585I-IOT02A: C:\ST\STM32CubeIDE_1.7.0\STM32CubeIDE\plugins\com.st.stm32cube.common.mx_6.3.0.202107141111\\db\/plugins/mcufinder/images/boards/B-U585I-IOT02A_small.jpg
2024-09-22 16:13:40,419 [WARN] PackLoader:238 - Cannot read IP mode file for STMicroelectronics.X-CUBE-MEMS1.9.6.0
2024-09-22 16:13:40,477 [ERROR] DbBoards:189 - Image file not found for board NUCLEO-F413ZH: C:\ST\STM32CubeIDE_1.7.0\STM32CubeIDE\plugins\com.st.stm32cube.common.mx_6.3.0.202107141111\\db\/plugins/mcufinder/images/boards/nucleo-f413zh_small.jpg
2024-09-22 16:13:40,548 [WARN] PackLoader:238 - Cannot read IP mode file for STMicroelectronics.X-CUBE-EEPRMA1.4.2.0
2024-09-22 16:13:40,558 [ERROR] Engine:463 - C:\Users\tango\.stm32cubemx\thirdparties\pdsc\ITTIA_DB.I-CUBE-ITTIADB.8.8.0.pdsc: PDSC version is not supported
2024-09-22 16:13:40,568 [WARN] PackLoader:238 - Cannot read IP mode file for STMicroelectronics.X-CUBE-BLEMGR.2.0.0
2024-09-22 16:13:40,578 [WARN] ConditionMgr:437 - getConditionDescription Invalid condition id : UX DEVICE CLASS RTOS Condition cause : null
2024-09-22 16:13:40,578 [WARN] ConditionMgr:437 - getConditionDescription Invalid condition id : UX DEVICE CLASS RTOS Condition cause : null
2024-09-22 16:13:40,578 [WARN] PackLoader:238 - Cannot read IP mode file for STMicroelectronics.X-CUBE-AZRTOS-H7.3.1.0
2024-09-22 16:13:40,578 [WARN] ConditionMgr:1038 - genDependencies : Invalid condition id : UX DEVICE CLASS RTOS Condition cause : null
2024-09-22 16:13:40,578 [WARN] ConditionMgr:1038 - genDependencies : Invalid condition id : UX DEVICE CLASS RTOS Condition cause : null
2024-09-22 16:13:40,578 [WARN] ConditionMgr:1038 - genDependencies : Invalid condition id : UX DEVICE CLASS RTOS Condition cause : null
2024-09-22 16:13:40,578 [WARN] ConditionMgr:1038 - genDependencies : Invalid condition id : UX DEVICE CLASS RTOS Condition cause : null
2024-09-22 16:13:40,578 [WARN] ConditionMgr:1038 - genDependencies : Invalid condition id : UX DEVICE CLASS RTOS Condition cause : null
2024-09-22 16:13:40,589 [WARN] PackLoader:238 - Cannot read IP mode file for STMicroelectronics.X-CUBE-NFC7.1.0.1
2024-09-22 16:13:40,589 [WARN] PackLoader:238 - Cannot read IP mode file for STMicroelectronics.X-CUBE-NFC6.3.0.0
2024-09-22 16:13:40,599 [WARN] PackLoader:238 - Cannot read IP mode file for STMicroelectronics.X-CUBE-EEPRMA1.4.1.0
2024-09-22 16:13:40,599 [WARN] PackLoader:238 - Cannot read IP mode file for STMicroelectronics.X-CUBE-AI.8.1.0
2024-09-22 16:13:40,619 [WARN] ConditionMgr:437 - getConditionDescription Invalid condition id : LAN8742 Phy interface Condition cause : null
2024-09-22 16:13:40,619 [WARN] PackLoader:238 - Cannot read IP mode file for STMicroelectronics.X-CUBE-AZRTOS-L4.2.0.0
2024-09-22 16:13:40,619 [WARN] ConditionMgr:1038 - genDependencies : Invalid condition id : LAN8742 Phy interface Condition cause : null
2024-09-22 16:13:40,619 [WARN] ConditionMgr:1038 - genDependencies : Invalid condition id : LAN8742 Phy interface Condition cause : null
2024-09-22 16:13:40,619 [WARN] ConditionMgr:1038 - genDependencies : Invalid condition id : LAN8742 Phy interface Condition cause : null
2024-09-22 16:13:40,619 [ERROR] DbBoards:189 - Image file not found for board NUCLEO-L552ZE-Q: C:\ST\STM32CubeIDE_1.7.0\STM32CubeIDE\plugins\com.st.stm32cube.common.mx_6.3.0.202107141111\\db\/plugins/mcufinder/images/boards/nucleo_l552ze_q_small.jpg
2024-09-22 16:13:40,619 [ERROR] DbBoards:189 - Image file not found for board NUCLEO-U575ZI-Q: C:\ST\STM32CubeIDE_1.7.0\STM32CubeIDE\plugins\com.st.stm32cube.common.mx_6.3.0.202107141111\\db\/plugins/mcufinder/images/boards/nucleo-u575zi-q_small.jpg
2024-09-22 16:13:40,619 [ERROR] DbBoards:189 - Image file not found for board NUCLEO-WB15CC: C:\ST\STM32CubeIDE_1.7.0\STM32CubeIDE\plugins\com.st.stm32cube.common.mx_6.3.0.202107141111\\db\/plugins/mcufinder/images/boards/nucleo-wb15cc_small.jpg
2024-09-22 16:13:40,619 [ERROR] DbBoards:189 - Image file not found for board NUCLEO-WB55RG: C:\ST\STM32CubeIDE_1.7.0\STM32CubeIDE\plugins\com.st.stm32cube.common.mx_6.3.0.202107141111\\db\/plugins/mcufinder/images/boards/nucleo-wb55rg_small.jpg
2024-09-22 16:13:40,619 [WARN] PackLoader:238 - Cannot read IP mode file for STMicroelectronics.X-CUBE-SFXS2LP1.4.0.0
2024-09-22 16:13:40,629 [WARN] PackLoader:238 - Cannot read IP mode file for STMicroelectronics.X-CUBE-ISPU.1.1.0
2024-09-22 16:13:40,643 [WARN] ConditionMgr:437 - getConditionDescription Invalid condition id : UX DEVICE CLASS RTOS Condition cause : null
2024-09-22 16:13:40,643 [WARN] ConditionMgr:437 - getConditionDescription Invalid condition id : UX DEVICE CLASS RTOS Condition cause : null
2024-09-22 16:13:40,643 [WARN] PackLoader:238 - Cannot read IP mode file for STMicroelectronics.X-CUBE-AZRTOS-WB.2.0.0
2024-09-22 16:13:40,643 [WARN] ConditionMgr:1038 - genDependencies : Invalid condition id : UX DEVICE CLASS RTOS Condition cause : null
2024-09-22 16:13:40,650 [WARN] ConditionMgr:1038 - genDependencies : Invalid condition id : UX DEVICE CLASS RTOS Condition cause : null
2024-09-22 16:13:40,650 [WARN] ConditionMgr:1038 - genDependencies : Invalid condition id : UX DEVICE CLASS RTOS Condition cause : null
2024-09-22 16:13:40,650 [WARN] ConditionMgr:1038 - genDependencies : Invalid condition id : UX DEVICE CLASS RTOS Condition cause : null
2024-09-22 16:13:40,650 [WARN] ConditionMgr:1038 - genDependencies : Invalid condition id : UX DEVICE CLASS RTOS Condition cause : null
2024-09-22 16:13:40,650 [WARN] PackLoader:238 - Cannot read IP mode file for STMicroelectronics.X-CUBE-SUBG2.5.0.0
2024-09-22 16:13:40,666 [ERROR] Engine:463 - C:\Users\tango\.stm32cubemx\thirdparties\pdsc\STMicroelectronics.X-CUBE-TOF1.3.3.1.pdsc: PDSC version is not supported
2024-09-22 16:13:40,676 [WARN] PackLoader:238 - Cannot read IP mode file for STMicroelectronics.X-CUBE-AZRTOS-G4.2.0.0
2024-09-22 16:13:40,682 [ERROR] Engine:463 - C:\Users\tango\.stm32cubemx\thirdparties\pdsc\Infineon.AIROC-Wi-Fi-Bluetooth-STM32.1.5.1.pdsc: PDSC version is not supported
2024-09-22 16:13:40,684 [ERROR] Engine:463 - C:\Users\tango\.stm32cubemx\thirdparties\pdsc\STMicroelectronics.FP-SNS-MOTENVWB1.1.3.0.pdsc: PDSC version is not supported
2024-09-22 16:13:40,684 [ERROR] Engine:463 - C:\Users\tango\.stm32cubemx\thirdparties\pdsc\STMicroelectronics.FP-SNS-MOTENVWB1.1.3.1.pdsc: PDSC version is not supported
2024-09-22 16:13:40,684 [WARN] PackLoader:238 - Cannot read IP mode file for STMicroelectronics.X-CUBE-ISPU.2.0.0
2024-09-22 16:13:40,721 [WARN] PackLoader:238 - Cannot read IP mode file for STMicroelectronics.X-CUBE-MEMS1.10.0.0
2024-09-22 16:13:40,834 [ERROR] Engine:463 - C:\Users\tango\.stm32cubemx\thirdparties\pdsc\STMicroelectronics.X-CUBE-FREERTOS.1.1.0.pdsc: PDSC version is not supported
2024-09-22 16:13:40,844 [WARN] PackLoader:238 - Cannot read IP mode file for portGmbH.I-Cube-SoM-uGOAL.1.1.0
2024-09-22 16:13:40,844 [WARN] PackLoader:238 - Cannot read IP mode file for STMicroelectronics.X-CUBE-ALS.1.0.1
2024-09-22 16:13:40,844 [WARN] PackLoader:238 - Cannot read IP mode file for STMicroelectronics.FP-ATR-ASTRA1.2.0.0
2024-09-22 16:13:40,854 [ERROR] Engine:463 - C:\Users\tango\.stm32cubemx\thirdparties\pdsc\STMicroelectronics.X-CUBE-TOF1.3.4.0.pdsc: PDSC version is not supported
2024-09-22 16:13:40,864 [WARN] PackLoader:238 - Cannot read IP mode file for STMicroelectronics.X-CUBE-AZRTOS-H7.3.2.0
2024-09-22 16:13:40,864 [INFO] ThirdParty:915 - Integrity check success = true
2024-09-22 16:13:40,864 [INFO] IntegrityCheckThread:94 - exiting critical section [integrity check]
2024-09-22 16:13:40,864 [INFO] IntegrityCheckThread:97 - End integrity checks thread
2024-09-22 16:13:41,579 [INFO] ApiDb:251 - Load user favorites file C:\Users\tango/.stm32cubeide/favorites.boards.txt: 0 item(s)
2024-09-22 16:13:41,579 [INFO] ApiDb:255 - User favorites Boards=[]
2024-09-22 16:13:41,579 [INFO] DbBoards:206 - Set 0 / 0 favorites Boards
2024-09-22 16:14:19,808 [ERROR] LogOutputStream:74 - [STDERR_REDIRECT] Exception in thread "AWT-EventQueue-0" org.eclipse.swt.SWTException: Device is disposed
2024-09-22 16:14:19,808 [ERROR] LogOutputStream:74 - [STDERR_REDIRECT] 	at org.eclipse.swt.SWT.error(SWT.java:4889)
2024-09-22 16:14:19,808 [ERROR] LogOutputStream:74 - [STDERR_REDIRECT] 	at org.eclipse.swt.SWT.error(SWT.java:4804)
2024-09-22 16:14:19,808 [ERROR] LogOutputStream:74 - [STDERR_REDIRECT] 	at org.eclipse.swt.SWT.error(SWT.java:4775)
2024-09-22 16:14:19,808 [ERROR] LogOutputStream:74 - [STDERR_REDIRECT] 	at org.eclipse.swt.widgets.Display.error(Display.java:1262)
2024-09-22 16:14:19,818 [ERROR] LogOutputStream:74 - [STDERR_REDIRECT] 	at org.eclipse.swt.widgets.Display.asyncExec(Display.java:779)
2024-09-22 16:14:19,818 [ERROR] LogOutputStream:74 - [STDERR_REDIRECT] 	at com.st.stm32cube.common.mx.oss.core.awtswtbridge.AwtEnvironment$2.run(AwtEnvironment.java:168)
2024-09-22 16:14:19,818 [ERROR] LogOutputStream:74 - [STDERR_REDIRECT] 	at java.desktop/java.awt.event.InvocationEvent.dispatch(InvocationEvent.java:313)
2024-09-22 16:14:19,818 [ERROR] LogOutputStream:74 - [STDERR_REDIRECT] 	at java.desktop/java.awt.EventQueue.dispatchEventImpl(EventQueue.java:770)
2024-09-22 16:14:19,818 [ERROR] LogOutputStream:74 - [STDERR_REDIRECT] 	at java.desktop/java.awt.EventQueue$4.run(EventQueue.java:721)
2024-09-22 16:14:19,818 [ERROR] LogOutputStream:74 - [STDERR_REDIRECT] 	at java.desktop/java.awt.EventQueue$4.run(EventQueue.java:715)
2024-09-22 16:14:19,818 [ERROR] LogOutputStream:74 - [STDERR_REDIRECT] 	at java.base/java.security.AccessController.doPrivileged(Native Method)
2024-09-22 16:14:19,818 [ERROR] LogOutputStream:74 - [STDERR_REDIRECT] 	at java.base/java.security.ProtectionDomain$JavaSecurityAccessImpl.doIntersectionPrivilege(ProtectionDomain.java:85)
2024-09-22 16:14:19,818 [ERROR] LogOutputStream:74 - [STDERR_REDIRECT] 	at java.desktop/java.awt.EventQueue.dispatchEvent(EventQueue.java:740)
2024-09-22 16:14:19,818 [ERROR] LogOutputStream:74 - [STDERR_REDIRECT] 	at java.desktop/java.awt.EventDispatchThread.pumpOneEventForFilters(EventDispatchThread.java:203)
2024-09-22 16:14:19,818 [ERROR] LogOutputStream:74 - [STDERR_REDIRECT] 	at java.desktop/java.awt.EventDispatchThread.pumpEventsForFilter(EventDispatchThread.java:124)
2024-09-22 16:14:19,828 [ERROR] LogOutputStream:74 - [STDERR_REDIRECT] 	at java.desktop/java.awt.EventDispatchThread.pumpEventsForHierarchy(EventDispatchThread.java:113)
2024-09-22 16:14:19,828 [ERROR] LogOutputStream:74 - [STDERR_REDIRECT] 	at java.desktop/java.awt.EventDispatchThread.pumpEvents(EventDispatchThread.java:109)
2024-09-22 16:14:19,828 [ERROR] LogOutputStream:74 - [STDERR_REDIRECT] 	at java.desktop/java.awt.EventDispatchThread.pumpEvents(EventDispatchThread.java:101)
2024-09-22 16:14:19,828 [ERROR] LogOutputStream:74 - [STDERR_REDIRECT] 	at java.desktop/java.awt.EventDispatchThread.run(EventDispatchThread.java:90)
